2022-05-01 23:38:07,855 INFO    MainThread:199069 [internal.py:wandb_internal():90] W&B internal server running at pid: 199069, started at: 2022-05-01 23:38:07.855151
2022-05-01 23:38:07,858 INFO    WriterThread:199069 [datastore.py:open_for_write():75] open: /home/brain5/catkin_ws/src/social_navigation/scripts/wandb/run-20220501_233806-35zc02i6/run-35zc02i6.wandb
2022-05-01 23:38:07,860 DEBUG   SenderThread:199069 [sender.py:send():232] send: header
2022-05-01 23:38:07,860 DEBUG   SenderThread:199069 [sender.py:send():232] send: run
2022-05-01 23:38:17,515 DEBUG   HandlerThread:199069 [handler.py:handle_request():141] handle_request: check_version
2022-05-01 23:38:17,521 INFO    SenderThread:199069 [dir_watcher.py:__init__():166] watching files in: /home/brain5/catkin_ws/src/social_navigation/scripts/wandb/run-20220501_233806-35zc02i6/files
2022-05-01 23:38:17,521 INFO    SenderThread:199069 [sender.py:_start_run_threads():811] run started: 35zc02i6 with start time 1651415887
2022-05-01 23:38:17,521 DEBUG   SenderThread:199069 [sender.py:send():232] send: summary
2022-05-01 23:38:17,521 INFO    SenderThread:199069 [sender.py:_save_file():946] saving file wandb-summary.json with policy end
2022-05-01 23:38:17,521 DEBUG   SenderThread:199069 [sender.py:send_request():246] send_request: check_version
2022-05-01 23:38:17,580 DEBUG   HandlerThread:199069 [handler.py:handle_request():141] handle_request: run_start
2022-05-01 23:38:17,583 DEBUG   HandlerThread:199069 [meta.py:__init__():35] meta init
2022-05-01 23:38:17,583 DEBUG   HandlerThread:199069 [meta.py:__init__():49] meta init done
2022-05-01 23:38:17,583 DEBUG   HandlerThread:199069 [meta.py:probe():209] probe
2022-05-01 23:38:17,591 DEBUG   HandlerThread:199069 [meta.py:_setup_git():199] setup git
2022-05-01 23:38:17,608 DEBUG   HandlerThread:199069 [meta.py:_setup_git():206] setup git done
2022-05-01 23:38:17,608 DEBUG   HandlerThread:199069 [meta.py:_save_pip():53] save pip
2022-05-01 23:38:17,609 DEBUG   HandlerThread:199069 [meta.py:_save_pip():67] save pip done
2022-05-01 23:38:17,609 DEBUG   HandlerThread:199069 [meta.py:_save_conda():74] save conda
2022-05-01 23:38:18,523 INFO    Thread-7  :199069 [dir_watcher.py:_on_file_created():213] file/dir created: /home/brain5/catkin_ws/src/social_navigation/scripts/wandb/run-20220501_233806-35zc02i6/files/conda-environment.yaml
2022-05-01 23:38:18,523 INFO    Thread-7  :199069 [dir_watcher.py:_on_file_created():213] file/dir created: /home/brain5/catkin_ws/src/social_navigation/scripts/wandb/run-20220501_233806-35zc02i6/files/wandb-summary.json
2022-05-01 23:38:18,524 INFO    Thread-7  :199069 [dir_watcher.py:_on_file_created():213] file/dir created: /home/brain5/catkin_ws/src/social_navigation/scripts/wandb/run-20220501_233806-35zc02i6/files/requirements.txt
2022-05-01 23:38:18,771 DEBUG   HandlerThread:199069 [meta.py:_save_conda():84] save conda done
2022-05-01 23:38:18,771 DEBUG   HandlerThread:199069 [meta.py:probe():247] probe done
2022-05-01 23:38:18,801 DEBUG   SenderThread:199069 [sender.py:send():232] send: files
2022-05-01 23:38:18,802 INFO    SenderThread:199069 [sender.py:_save_file():946] saving file wandb-metadata.json with policy now
2022-05-01 23:38:18,806 DEBUG   HandlerThread:199069 [handler.py:handle_request():141] handle_request: stop_status
2022-05-01 23:38:18,807 DEBUG   SenderThread:199069 [sender.py:send_request():246] send_request: stop_status
2022-05-01 23:38:19,060 DEBUG   SenderThread:199069 [sender.py:send():232] send: telemetry
2022-05-01 23:38:19,060 DEBUG   SenderThread:199069 [sender.py:send():232] send: telemetry
2022-05-01 23:38:19,061 DEBUG   SenderThread:199069 [sender.py:send():232] send: run
2022-05-01 23:38:19,455 INFO    Thread-11 :199069 [upload_job.py:push():137] Uploaded file /tmp/tmp765r798mwandb/2cc2u9l8-wandb-metadata.json
2022-05-01 23:38:19,522 INFO    Thread-7  :199069 [dir_watcher.py:_on_file_modified():226] file/dir modified: /home/brain5/catkin_ws/src/social_navigation/scripts/wandb/run-20220501_233806-35zc02i6/files/config.yaml
2022-05-01 23:38:19,523 INFO    Thread-7  :199069 [dir_watcher.py:_on_file_created():213] file/dir created: /home/brain5/catkin_ws/src/social_navigation/scripts/wandb/run-20220501_233806-35zc02i6/files/output.log
2022-05-01 23:38:19,523 INFO    Thread-7  :199069 [dir_watcher.py:_on_file_created():213] file/dir created: /home/brain5/catkin_ws/src/social_navigation/scripts/wandb/run-20220501_233806-35zc02i6/files/wandb-metadata.json
2022-05-01 23:38:21,523 INFO    Thread-7  :199069 [dir_watcher.py:_on_file_modified():226] file/dir modified: /home/brain5/catkin_ws/src/social_navigation/scripts/wandb/run-20220501_233806-35zc02i6/files/output.log
2022-05-01 23:38:25,524 INFO    Thread-7  :199069 [dir_watcher.py:_on_file_modified():226] file/dir modified: /home/brain5/catkin_ws/src/social_navigation/scripts/wandb/run-20220501_233806-35zc02i6/files/output.log
2022-05-01 23:38:29,525 INFO    Thread-7  :199069 [dir_watcher.py:_on_file_modified():226] file/dir modified: /home/brain5/catkin_ws/src/social_navigation/scripts/wandb/run-20220501_233806-35zc02i6/files/output.log
2022-05-01 23:38:34,068 DEBUG   HandlerThread:199069 [handler.py:handle_request():141] handle_request: stop_status
2022-05-01 23:38:47,533 INFO    Thread-7  :199069 [dir_watcher.py:_on_file_modified():226] file/dir modified: /home/brain5/catkin_ws/src/social_navigation/scripts/wandb/run-20220501_233806-35zc02i6/files/output.log
2022-05-01 23:38:52,753 ERROR   SenderThread:199069 [retry.py:__call__():126] Retry attempt failed:
Traceback (most recent call last):
  File "/home/brain5/anaconda3/lib/python3.8/site-packages/urllib3/connectionpool.py", line 445, in _make_request
    six.raise_from(e, None)
  File "<string>", line 3, in raise_from
  File "/home/brain5/anaconda3/lib/python3.8/site-packages/urllib3/connectionpool.py", line 440, in _make_request
    httplib_response = conn.getresponse()
  File "/home/brain5/anaconda3/lib/python3.8/http/client.py", line 1347, in getresponse
    response.begin()
  File "/home/brain5/anaconda3/lib/python3.8/http/client.py", line 307, in begin
    version, status, reason = self._read_status()
  File "/home/brain5/anaconda3/lib/python3.8/http/client.py", line 268, in _read_status
    line = str(self.fp.readline(_MAXLINE + 1), "iso-8859-1")
  File "/home/brain5/anaconda3/lib/python3.8/socket.py", line 669, in readinto
    return self._sock.recv_into(b)
  File "/home/brain5/anaconda3/lib/python3.8/ssl.py", line 1241, in recv_into
    return self.read(nbytes, buffer)
  File "/home/brain5/anaconda3/lib/python3.8/ssl.py", line 1099, in read
    return self._sslobj.read(len, buffer)
socket.timeout: The read operation timed out

During handling of the above exception, another exception occurred:

Traceback (most recent call last):
  File "/home/brain5/anaconda3/lib/python3.8/site-packages/requests/adapters.py", line 439, in send
    resp = conn.urlopen(
  File "/home/brain5/anaconda3/lib/python3.8/site-packages/urllib3/connectionpool.py", line 755, in urlopen
    retries = retries.increment(
  File "/home/brain5/anaconda3/lib/python3.8/site-packages/urllib3/util/retry.py", line 532, in increment
    raise six.reraise(type(error), error, _stacktrace)
  File "/home/brain5/anaconda3/lib/python3.8/site-packages/urllib3/packages/six.py", line 735, in reraise
    raise value
  File "/home/brain5/anaconda3/lib/python3.8/site-packages/urllib3/connectionpool.py", line 699, in urlopen
    httplib_response = self._make_request(
  File "/home/brain5/anaconda3/lib/python3.8/site-packages/urllib3/connectionpool.py", line 447, in _make_request
    self._raise_timeout(err=e, url=url, timeout_value=read_timeout)
  File "/home/brain5/anaconda3/lib/python3.8/site-packages/urllib3/connectionpool.py", line 336, in _raise_timeout
    raise ReadTimeoutError(
urllib3.exceptions.ReadTimeoutError: HTTPSConnectionPool(host='api.wandb.ai', port=443): Read timed out. (read timeout=10)

During handling of the above exception, another exception occurred:

Traceback (most recent call last):
  File "/home/brain5/anaconda3/lib/python3.8/site-packages/wandb/sdk/lib/retry.py", line 102, in __call__
    result = self._call_fn(*args, **kwargs)
  File "/home/brain5/anaconda3/lib/python3.8/site-packages/wandb/sdk/internal/internal_api.py", line 140, in execute
    return self.client.execute(*args, **kwargs)
  File "/home/brain5/anaconda3/lib/python3.8/site-packages/wandb/vendor/gql-0.2.0/wandb_gql/client.py", line 52, in execute
    result = self._get_result(document, *args, **kwargs)
  File "/home/brain5/anaconda3/lib/python3.8/site-packages/wandb/vendor/gql-0.2.0/wandb_gql/client.py", line 60, in _get_result
    return self.transport.execute(document, *args, **kwargs)
  File "/home/brain5/anaconda3/lib/python3.8/site-packages/wandb/vendor/gql-0.2.0/wandb_gql/transport/requests.py", line 38, in execute
    request = requests.post(self.url, **post_args)
  File "/home/brain5/anaconda3/lib/python3.8/site-packages/requests/api.py", line 119, in post
    return request('post', url, data=data, json=json, **kwargs)
  File "/home/brain5/anaconda3/lib/python3.8/site-packages/requests/api.py", line 61, in request
    return session.request(method=method, url=url, **kwargs)
  File "/home/brain5/anaconda3/lib/python3.8/site-packages/requests/sessions.py", line 542, in request
    resp = self.send(prep, **send_kwargs)
  File "/home/brain5/anaconda3/lib/python3.8/site-packages/requests/sessions.py", line 655, in send
    r = adapter.send(request, **kwargs)
  File "/home/brain5/anaconda3/lib/python3.8/site-packages/requests/adapters.py", line 529, in send
    raise ReadTimeout(e, request=request)
requests.exceptions.ReadTimeout: HTTPSConnectionPool(host='api.wandb.ai', port=443): Read timed out. (read timeout=10)
2022-05-01 23:38:54,098 DEBUG   HandlerThread:199069 [handler.py:handle_request():141] handle_request: stop_status
2022-05-01 23:38:59,538 INFO    Thread-7  :199069 [dir_watcher.py:_on_file_modified():226] file/dir modified: /home/brain5/catkin_ws/src/social_navigation/scripts/wandb/run-20220501_233806-35zc02i6/files/output.log
2022-05-01 23:39:01,539 INFO    Thread-7  :199069 [dir_watcher.py:_on_file_modified():226] file/dir modified: /home/brain5/catkin_ws/src/social_navigation/scripts/wandb/run-20220501_233806-35zc02i6/files/output.log
2022-05-01 23:39:03,539 INFO    Thread-7  :199069 [dir_watcher.py:_on_file_modified():226] file/dir modified: /home/brain5/catkin_ws/src/social_navigation/scripts/wandb/run-20220501_233806-35zc02i6/files/output.log
2022-05-01 23:39:04,773 INFO    SenderThread:199069 [sender.py:send_run():707] updated run: 35zc02i6
2022-05-01 23:39:05,540 INFO    Thread-7  :199069 [dir_watcher.py:_on_file_modified():226] file/dir modified: /home/brain5/catkin_ws/src/social_navigation/scripts/wandb/run-20220501_233806-35zc02i6/files/output.log
2022-05-01 23:39:07,433 DEBUG   SenderThread:199069 [sender.py:send_request():246] send_request: stop_status
2022-05-01 23:39:07,541 INFO    Thread-7  :199069 [dir_watcher.py:_on_file_modified():226] file/dir modified: /home/brain5/catkin_ws/src/social_navigation/scripts/wandb/run-20220501_233806-35zc02i6/files/config.yaml
2022-05-01 23:39:07,541 INFO    Thread-7  :199069 [dir_watcher.py:_on_file_modified():226] file/dir modified: /home/brain5/catkin_ws/src/social_navigation/scripts/wandb/run-20220501_233806-35zc02i6/files/output.log
2022-05-01 23:39:08,439 DEBUG   SenderThread:199069 [sender.py:send():232] send: stats
2022-05-01 23:39:08,440 DEBUG   SenderThread:199069 [sender.py:send_request():246] send_request: stop_status
2022-05-01 23:39:09,542 INFO    Thread-7  :199069 [dir_watcher.py:_on_file_modified():226] file/dir modified: /home/brain5/catkin_ws/src/social_navigation/scripts/wandb/run-20220501_233806-35zc02i6/files/output.log
2022-05-01 23:39:11,543 INFO    Thread-7  :199069 [dir_watcher.py:_on_file_modified():226] file/dir modified: /home/brain5/catkin_ws/src/social_navigation/scripts/wandb/run-20220501_233806-35zc02i6/files/output.log
2022-05-01 23:39:14,099 DEBUG   HandlerThread:199069 [handler.py:handle_request():141] handle_request: stop_status
2022-05-01 23:39:14,100 DEBUG   SenderThread:199069 [sender.py:send_request():246] send_request: stop_status
2022-05-01 23:39:15,544 INFO    Thread-7  :199069 [dir_watcher.py:_on_file_modified():226] file/dir modified: /home/brain5/catkin_ws/src/social_navigation/scripts/wandb/run-20220501_233806-35zc02i6/files/output.log
2022-05-01 23:39:16,192 DEBUG   SenderThread:199069 [sender.py:send():232] send: stats
2022-05-01 23:39:17,545 INFO    Thread-7  :199069 [dir_watcher.py:_on_file_modified():226] file/dir modified: /home/brain5/catkin_ws/src/social_navigation/scripts/wandb/run-20220501_233806-35zc02i6/files/output.log
2022-05-01 23:39:19,546 INFO    Thread-7  :199069 [dir_watcher.py:_on_file_modified():226] file/dir modified: /home/brain5/catkin_ws/src/social_navigation/scripts/wandb/run-20220501_233806-35zc02i6/files/output.log
2022-05-01 23:39:21,547 INFO    Thread-7  :199069 [dir_watcher.py:_on_file_modified():226] file/dir modified: /home/brain5/catkin_ws/src/social_navigation/scripts/wandb/run-20220501_233806-35zc02i6/files/output.log
2022-05-01 23:39:23,548 INFO    Thread-7  :199069 [dir_watcher.py:_on_file_modified():226] file/dir modified: /home/brain5/catkin_ws/src/social_navigation/scripts/wandb/run-20220501_233806-35zc02i6/files/output.log
2022-05-01 23:39:25,549 INFO    Thread-7  :199069 [dir_watcher.py:_on_file_modified():226] file/dir modified: /home/brain5/catkin_ws/src/social_navigation/scripts/wandb/run-20220501_233806-35zc02i6/files/output.log
2022-05-01 23:39:27,550 INFO    Thread-7  :199069 [dir_watcher.py:_on_file_modified():226] file/dir modified: /home/brain5/catkin_ws/src/social_navigation/scripts/wandb/run-20220501_233806-35zc02i6/files/output.log
2022-05-01 23:39:29,402 DEBUG   HandlerThread:199069 [handler.py:handle_request():141] handle_request: stop_status
2022-05-01 23:39:29,403 DEBUG   SenderThread:199069 [sender.py:send_request():246] send_request: stop_status
2022-05-01 23:39:29,551 INFO    Thread-7  :199069 [dir_watcher.py:_on_file_modified():226] file/dir modified: /home/brain5/catkin_ws/src/social_navigation/scripts/wandb/run-20220501_233806-35zc02i6/files/output.log
2022-05-01 23:39:31,552 INFO    Thread-7  :199069 [dir_watcher.py:_on_file_modified():226] file/dir modified: /home/brain5/catkin_ws/src/social_navigation/scripts/wandb/run-20220501_233806-35zc02i6/files/output.log
2022-05-01 23:39:33,552 INFO    Thread-7  :199069 [dir_watcher.py:_on_file_modified():226] file/dir modified: /home/brain5/catkin_ws/src/social_navigation/scripts/wandb/run-20220501_233806-35zc02i6/files/output.log
2022-05-01 23:39:35,553 INFO    Thread-7  :199069 [dir_watcher.py:_on_file_modified():226] file/dir modified: /home/brain5/catkin_ws/src/social_navigation/scripts/wandb/run-20220501_233806-35zc02i6/files/output.log
2022-05-01 23:39:44,614 DEBUG   HandlerThread:199069 [handler.py:handle_request():141] handle_request: stop_status
2022-05-01 23:39:44,614 DEBUG   SenderThread:199069 [sender.py:send_request():246] send_request: stop_status
2022-05-01 23:39:46,511 DEBUG   SenderThread:199069 [sender.py:send():232] send: stats
2022-05-01 23:39:59,918 DEBUG   HandlerThread:199069 [handler.py:handle_request():141] handle_request: stop_status
2022-05-01 23:39:59,918 DEBUG   SenderThread:199069 [sender.py:send_request():246] send_request: stop_status
2022-05-01 23:40:15,130 DEBUG   HandlerThread:199069 [handler.py:handle_request():141] handle_request: stop_status
2022-05-01 23:40:15,130 DEBUG   SenderThread:199069 [sender.py:send_request():246] send_request: stop_status
2022-05-01 23:40:16,776 DEBUG   SenderThread:199069 [sender.py:send():232] send: stats
2022-05-01 23:40:30,425 DEBUG   HandlerThread:199069 [handler.py:handle_request():141] handle_request: stop_status
2022-05-01 23:40:30,425 DEBUG   SenderThread:199069 [sender.py:send_request():246] send_request: stop_status
2022-05-01 23:40:44,967 DEBUG   SenderThread:199069 [sender.py:send():232] send: telemetry
2022-05-01 23:40:45,579 INFO    Thread-7  :199069 [dir_watcher.py:_on_file_modified():226] file/dir modified: /home/brain5/catkin_ws/src/social_navigation/scripts/wandb/run-20220501_233806-35zc02i6/files/output.log
2022-05-01 23:40:46,580 INFO    Thread-7  :199069 [dir_watcher.py:_on_file_modified():226] file/dir modified: /home/brain5/catkin_ws/src/social_navigation/scripts/wandb/run-20220501_233806-35zc02i6/files/output.log
2022-05-01 23:40:47,047 DEBUG   SenderThread:199069 [sender.py:send():232] send: stats
2022-05-01 23:40:47,580 INFO    Thread-7  :199069 [dir_watcher.py:_on_file_modified():226] file/dir modified: /home/brain5/catkin_ws/src/social_navigation/scripts/wandb/run-20220501_233806-35zc02i6/files/output.log
2022-05-01 23:40:47,583 DEBUG   HandlerThread:199069 [handler.py:handle_request():141] handle_request: poll_exit
2022-05-01 23:40:47,583 DEBUG   SenderThread:199069 [sender.py:send():232] send: exit
2022-05-01 23:40:47,583 INFO    SenderThread:199069 [sender.py:send_exit():368] handling exit code: 0
2022-05-01 23:40:47,584 INFO    SenderThread:199069 [sender.py:send_exit():370] handling runtime: 150
2022-05-01 23:40:47,584 INFO    SenderThread:199069 [sender.py:_save_file():946] saving file wandb-summary.json with policy end
2022-05-01 23:40:47,584 INFO    SenderThread:199069 [sender.py:send_exit():376] send defer
2022-05-01 23:40:47,584 DEBUG   SenderThread:199069 [sender.py:send_request():246] send_request: poll_exit
2022-05-01 23:40:47,585 DEBUG   HandlerThread:199069 [handler.py:handle_request():141] handle_request: defer
2022-05-01 23:40:47,585 INFO    HandlerThread:199069 [handler.py:handle_request_defer():164] handle defer: 0
2022-05-01 23:40:47,585 DEBUG   SenderThread:199069 [sender.py:send_request():246] send_request: defer
2022-05-01 23:40:47,585 INFO    SenderThread:199069 [sender.py:send_request_defer():385] handle sender defer: 0
2022-05-01 23:40:47,585 INFO    SenderThread:199069 [sender.py:transition_state():389] send defer: 1
2022-05-01 23:40:47,586 DEBUG   HandlerThread:199069 [handler.py:handle_request():141] handle_request: defer
2022-05-01 23:40:47,586 INFO    HandlerThread:199069 [handler.py:handle_request_defer():164] handle defer: 1
2022-05-01 23:40:47,661 DEBUG   SenderThread:199069 [sender.py:send_request():246] send_request: defer
2022-05-01 23:40:47,662 INFO    SenderThread:199069 [sender.py:send_request_defer():385] handle sender defer: 1
2022-05-01 23:40:47,662 INFO    SenderThread:199069 [sender.py:transition_state():389] send defer: 2
2022-05-01 23:40:47,662 DEBUG   SenderThread:199069 [sender.py:send():232] send: stats
2022-05-01 23:40:47,662 DEBUG   HandlerThread:199069 [handler.py:handle_request():141] handle_request: defer
2022-05-01 23:40:47,662 INFO    HandlerThread:199069 [handler.py:handle_request_defer():164] handle defer: 2
2022-05-01 23:40:47,662 DEBUG   SenderThread:199069 [sender.py:send_request():246] send_request: defer
2022-05-01 23:40:47,662 INFO    SenderThread:199069 [sender.py:send_request_defer():385] handle sender defer: 2
2022-05-01 23:40:47,662 INFO    SenderThread:199069 [sender.py:transition_state():389] send defer: 3
2022-05-01 23:40:47,663 DEBUG   HandlerThread:199069 [handler.py:handle_request():141] handle_request: defer
2022-05-01 23:40:47,663 INFO    HandlerThread:199069 [handler.py:handle_request_defer():164] handle defer: 3
2022-05-01 23:40:47,663 DEBUG   SenderThread:199069 [sender.py:send_request():246] send_request: defer
2022-05-01 23:40:47,663 INFO    SenderThread:199069 [sender.py:send_request_defer():385] handle sender defer: 3
2022-05-01 23:40:47,663 INFO    SenderThread:199069 [sender.py:transition_state():389] send defer: 4
2022-05-01 23:40:47,663 DEBUG   HandlerThread:199069 [handler.py:handle_request():141] handle_request: defer
2022-05-01 23:40:47,663 INFO    HandlerThread:199069 [handler.py:handle_request_defer():164] handle defer: 4
2022-05-01 23:40:47,664 DEBUG   SenderThread:199069 [sender.py:send():232] send: summary
2022-05-01 23:40:47,664 INFO    SenderThread:199069 [sender.py:_save_file():946] saving file wandb-summary.json with policy end
2022-05-01 23:40:47,664 DEBUG   SenderThread:199069 [sender.py:send_request():246] send_request: defer
2022-05-01 23:40:47,664 INFO    SenderThread:199069 [sender.py:send_request_defer():385] handle sender defer: 4
2022-05-01 23:40:47,664 INFO    SenderThread:199069 [sender.py:transition_state():389] send defer: 5
2022-05-01 23:40:47,665 DEBUG   HandlerThread:199069 [handler.py:handle_request():141] handle_request: defer
2022-05-01 23:40:47,665 INFO    HandlerThread:199069 [handler.py:handle_request_defer():164] handle defer: 5
2022-05-01 23:40:47,665 DEBUG   SenderThread:199069 [sender.py:send_request():246] send_request: defer
2022-05-01 23:40:47,665 INFO    SenderThread:199069 [sender.py:send_request_defer():385] handle sender defer: 5
2022-05-01 23:40:47,686 DEBUG   HandlerThread:199069 [handler.py:handle_request():141] handle_request: poll_exit
2022-05-01 23:40:47,983 INFO    SenderThread:199069 [sender.py:transition_state():389] send defer: 6
2022-05-01 23:40:47,983 DEBUG   SenderThread:199069 [sender.py:send_request():246] send_request: poll_exit
2022-05-01 23:40:47,984 DEBUG   HandlerThread:199069 [handler.py:handle_request():141] handle_request: defer
2022-05-01 23:40:47,984 INFO    HandlerThread:199069 [handler.py:handle_request_defer():164] handle defer: 6
2022-05-01 23:40:47,985 DEBUG   SenderThread:199069 [sender.py:send_request():246] send_request: defer
2022-05-01 23:40:47,985 INFO    SenderThread:199069 [sender.py:send_request_defer():385] handle sender defer: 6
2022-05-01 23:40:47,985 INFO    SenderThread:199069 [dir_watcher.py:finish():279] shutting down directory watcher
2022-05-01 23:40:48,086 DEBUG   HandlerThread:199069 [handler.py:handle_request():141] handle_request: poll_exit
2022-05-01 23:40:48,581 INFO    Thread-7  :199069 [dir_watcher.py:_on_file_modified():226] file/dir modified: /home/brain5/catkin_ws/src/social_navigation/scripts/wandb/run-20220501_233806-35zc02i6/files/wandb-summary.json
2022-05-01 23:40:48,582 INFO    SenderThread:199069 [dir_watcher.py:_on_file_modified():226] file/dir modified: /home/brain5/catkin_ws/src/social_navigation/scripts/wandb/run-20220501_233806-35zc02i6/files/config.yaml
2022-05-01 23:40:48,582 INFO    SenderThread:199069 [dir_watcher.py:_on_file_modified():226] file/dir modified: /home/brain5/catkin_ws/src/social_navigation/scripts/wandb/run-20220501_233806-35zc02i6/files/output.log
2022-05-01 23:40:48,583 INFO    SenderThread:199069 [dir_watcher.py:finish():309] scan: /home/brain5/catkin_ws/src/social_navigation/scripts/wandb/run-20220501_233806-35zc02i6/files
2022-05-01 23:40:48,584 INFO    SenderThread:199069 [dir_watcher.py:finish():323] scan save: /home/brain5/catkin_ws/src/social_navigation/scripts/wandb/run-20220501_233806-35zc02i6/files/config.yaml config.yaml
2022-05-01 23:40:48,584 INFO    SenderThread:199069 [dir_watcher.py:finish():323] scan save: /home/brain5/catkin_ws/src/social_navigation/scripts/wandb/run-20220501_233806-35zc02i6/files/wandb-summary.json wandb-summary.json
2022-05-01 23:40:48,585 INFO    SenderThread:199069 [dir_watcher.py:finish():323] scan save: /home/brain5/catkin_ws/src/social_navigation/scripts/wandb/run-20220501_233806-35zc02i6/files/wandb-metadata.json wandb-metadata.json
2022-05-01 23:40:48,585 INFO    SenderThread:199069 [dir_watcher.py:finish():323] scan save: /home/brain5/catkin_ws/src/social_navigation/scripts/wandb/run-20220501_233806-35zc02i6/files/conda-environment.yaml conda-environment.yaml
2022-05-01 23:40:48,594 INFO    SenderThread:199069 [dir_watcher.py:finish():323] scan save: /home/brain5/catkin_ws/src/social_navigation/scripts/wandb/run-20220501_233806-35zc02i6/files/output.log output.log
2022-05-01 23:40:48,594 INFO    SenderThread:199069 [dir_watcher.py:finish():323] scan save: /home/brain5/catkin_ws/src/social_navigation/scripts/wandb/run-20220501_233806-35zc02i6/files/requirements.txt requirements.txt
2022-05-01 23:40:48,597 INFO    SenderThread:199069 [sender.py:transition_state():389] send defer: 7
2022-05-01 23:40:48,598 DEBUG   SenderThread:199069 [sender.py:send_request():246] send_request: poll_exit
2022-05-01 23:40:48,602 DEBUG   HandlerThread:199069 [handler.py:handle_request():141] handle_request: defer
2022-05-01 23:40:48,602 INFO    HandlerThread:199069 [handler.py:handle_request_defer():164] handle defer: 7
2022-05-01 23:40:48,602 DEBUG   SenderThread:199069 [sender.py:send_request():246] send_request: defer
2022-05-01 23:40:48,603 INFO    SenderThread:199069 [sender.py:send_request_defer():385] handle sender defer: 7
2022-05-01 23:40:48,603 INFO    SenderThread:199069 [file_pusher.py:finish():145] shutting down file pusher
2022-05-01 23:40:48,703 DEBUG   HandlerThread:199069 [handler.py:handle_request():141] handle_request: poll_exit
2022-05-01 23:40:48,704 DEBUG   SenderThread:199069 [sender.py:send_request():246] send_request: poll_exit
2022-05-01 23:40:48,806 DEBUG   HandlerThread:199069 [handler.py:handle_request():141] handle_request: poll_exit
2022-05-01 23:40:48,807 DEBUG   SenderThread:199069 [sender.py:send_request():246] send_request: poll_exit
2022-05-01 23:40:48,909 DEBUG   HandlerThread:199069 [handler.py:handle_request():141] handle_request: poll_exit
2022-05-01 23:40:48,910 DEBUG   SenderThread:199069 [sender.py:send_request():246] send_request: poll_exit
2022-05-01 23:40:49,012 DEBUG   HandlerThread:199069 [handler.py:handle_request():141] handle_request: poll_exit
2022-05-01 23:40:49,012 DEBUG   SenderThread:199069 [sender.py:send_request():246] send_request: poll_exit
2022-05-01 23:40:49,114 DEBUG   HandlerThread:199069 [handler.py:handle_request():141] handle_request: poll_exit
2022-05-01 23:40:49,115 DEBUG   SenderThread:199069 [sender.py:send_request():246] send_request: poll_exit
2022-05-01 23:40:49,216 DEBUG   HandlerThread:199069 [handler.py:handle_request():141] handle_request: poll_exit
2022-05-01 23:40:49,216 DEBUG   SenderThread:199069 [sender.py:send_request():246] send_request: poll_exit
2022-05-01 23:40:49,318 DEBUG   HandlerThread:199069 [handler.py:handle_request():141] handle_request: poll_exit
2022-05-01 23:40:49,319 DEBUG   SenderThread:199069 [sender.py:send_request():246] send_request: poll_exit
2022-05-01 23:40:49,411 INFO    Thread-14 :199069 [upload_job.py:push():137] Uploaded file /home/brain5/catkin_ws/src/social_navigation/scripts/wandb/run-20220501_233806-35zc02i6/files/output.log
2022-05-01 23:40:49,416 INFO    Thread-12 :199069 [upload_job.py:push():137] Uploaded file /home/brain5/catkin_ws/src/social_navigation/scripts/wandb/run-20220501_233806-35zc02i6/files/config.yaml
2022-05-01 23:40:49,418 INFO    Thread-13 :199069 [upload_job.py:push():137] Uploaded file /home/brain5/catkin_ws/src/social_navigation/scripts/wandb/run-20220501_233806-35zc02i6/files/wandb-summary.json
2022-05-01 23:40:49,421 INFO    Thread-15 :199069 [upload_job.py:push():137] Uploaded file /home/brain5/catkin_ws/src/social_navigation/scripts/wandb/run-20220501_233806-35zc02i6/files/requirements.txt
2022-05-01 23:40:49,422 DEBUG   HandlerThread:199069 [handler.py:handle_request():141] handle_request: poll_exit
2022-05-01 23:40:49,424 DEBUG   SenderThread:199069 [sender.py:send_request():246] send_request: poll_exit
2022-05-01 23:40:49,526 DEBUG   HandlerThread:199069 [handler.py:handle_request():141] handle_request: poll_exit
2022-05-01 23:40:49,527 DEBUG   SenderThread:199069 [sender.py:send_request():246] send_request: poll_exit
2022-05-01 23:40:49,624 INFO    Thread-6  :199069 [sender.py:transition_state():389] send defer: 8
2022-05-01 23:40:49,625 DEBUG   HandlerThread:199069 [handler.py:handle_request():141] handle_request: defer
2022-05-01 23:40:49,625 INFO    HandlerThread:199069 [handler.py:handle_request_defer():164] handle defer: 8
2022-05-01 23:40:49,625 DEBUG   SenderThread:199069 [sender.py:send_request():246] send_request: defer
2022-05-01 23:40:49,625 INFO    SenderThread:199069 [sender.py:send_request_defer():385] handle sender defer: 8
2022-05-01 23:40:49,629 DEBUG   HandlerThread:199069 [handler.py:handle_request():141] handle_request: poll_exit
2022-05-01 23:40:50,532 INFO    SenderThread:199069 [sender.py:transition_state():389] send defer: 9
2022-05-01 23:40:50,532 DEBUG   SenderThread:199069 [sender.py:send_request():246] send_request: poll_exit
2022-05-01 23:40:50,533 DEBUG   HandlerThread:199069 [handler.py:handle_request():141] handle_request: defer
2022-05-01 23:40:50,533 INFO    HandlerThread:199069 [handler.py:handle_request_defer():164] handle defer: 9
2022-05-01 23:40:50,534 DEBUG   SenderThread:199069 [sender.py:send_request():246] send_request: defer
2022-05-01 23:40:50,534 INFO    SenderThread:199069 [sender.py:send_request_defer():385] handle sender defer: 9
2022-05-01 23:40:50,535 INFO    SenderThread:199069 [sender.py:transition_state():389] send defer: 10
2022-05-01 23:40:50,536 DEBUG   HandlerThread:199069 [handler.py:handle_request():141] handle_request: defer
2022-05-01 23:40:50,537 DEBUG   SenderThread:199069 [sender.py:send():232] send: final
2022-05-01 23:40:50,537 INFO    HandlerThread:199069 [handler.py:handle_request_defer():164] handle defer: 10
2022-05-01 23:40:50,537 DEBUG   SenderThread:199069 [sender.py:send():232] send: footer
2022-05-01 23:40:50,538 DEBUG   SenderThread:199069 [sender.py:send_request():246] send_request: defer
2022-05-01 23:40:50,538 INFO    SenderThread:199069 [sender.py:send_request_defer():385] handle sender defer: 10
2022-05-01 23:40:50,635 DEBUG   HandlerThread:199069 [handler.py:handle_request():141] handle_request: poll_exit
2022-05-01 23:40:50,636 DEBUG   SenderThread:199069 [sender.py:send_request():246] send_request: poll_exit
2022-05-01 23:40:50,636 INFO    SenderThread:199069 [file_pusher.py:join():150] waiting for file pusher
2022-05-01 23:40:51,265 DEBUG   HandlerThread:199069 [handler.py:handle_request():141] handle_request: sampled_history
2022-05-01 23:40:51,266 DEBUG   HandlerThread:199069 [handler.py:handle_request():141] handle_request: get_summary
2022-05-01 23:40:51,267 DEBUG   HandlerThread:199069 [handler.py:handle_request():141] handle_request: shutdown
2022-05-01 23:40:51,268 INFO    HandlerThread:199069 [handler.py:finish():806] shutting down handler
2022-05-01 23:40:51,537 INFO    WriterThread:199069 [datastore.py:close():279] close: /home/brain5/catkin_ws/src/social_navigation/scripts/wandb/run-20220501_233806-35zc02i6/run-35zc02i6.wandb
2022-05-01 23:40:52,164 INFO    SenderThread:199069 [sender.py:finish():1106] shutting down sender
2022-05-01 23:40:52,164 INFO    SenderThread:199069 [file_pusher.py:finish():145] shutting down file pusher
2022-05-01 23:40:52,164 INFO    SenderThread:199069 [file_pusher.py:join():150] waiting for file pusher
2022-05-01 23:40:52,166 INFO    MainThread:199069 [internal.py:handle_exit():80] Internal process exited
